0 info it worked if it ends with ok
1 verbose cli [ 'node', '/usr/local/bin/npm', 'owner', 'ls', 'angular-phonecat' ]
2 info using npm@1.4.28
3 info using node@v0.10.32
4 verbose request where is /angular-phonecat
5 verbose request registry https://registry.npmjs.org/
6 verbose request id e009267d6e4eb597
7 verbose url raw /angular-phonecat
8 verbose url resolving [ 'https://registry.npmjs.org/', './angular-phonecat' ]
9 verbose url resolved https://registry.npmjs.org/angular-phonecat
10 verbose request where is https://registry.npmjs.org/angular-phonecat
11 info trying registry request attempt 1 at 10:23:22
12 http GET https://registry.npmjs.org/angular-phonecat
13 info retry will retry, error on last attempt: Error: getaddrinfo ENOTFOUND
14 info trying registry request attempt 2 at 10:23:33
15 http GET https://registry.npmjs.org/angular-phonecat
16 info retry will retry, error on last attempt: Error: getaddrinfo ENOTFOUND
17 info trying registry request attempt 3 at 10:24:33
18 http GET https://registry.npmjs.org/angular-phonecat
19 error owner ls Couldn't get owner data angular-phonecat
20 error network getaddrinfo ENOTFOUND
20 error network This is most likely not a problem with npm itself
20 error network and is related to network connectivity.
20 error network In most cases you are behind a proxy or have bad network settings.
20 error network
20 error network If you are behind a proxy, please make sure that the
20 error network 'proxy' config is set properly.  See: 'npm help config'
21 error System Darwin 14.0.0
22 error command "node" "/usr/local/bin/npm" "owner" "ls" "angular-phonecat"
23 error cwd /Users/zwlapple/Documents/UI/xiongji
24 error node -v v0.10.32
25 error npm -v 1.4.28
26 error syscall getaddrinfo
27 error code ENOTFOUND
28 error errno ENOTFOUND
29 verbose exit [ 1, true ]
